e:\anton\programming\altexam\altexam\debug\vc140.pdb
e:\anton\programming\altexam\altexam\debug\vc140.idb
e:\anton\programming\altexam\altexam\debug\integer.nativecodeanalysis.xml
e:\anton\programming\altexam\altexam\debug\main.nativecodeanalysis.xml
e:\anton\programming\altexam\altexam\debug\natural.nativecodeanalysis.xml
e:\anton\programming\altexam\altexam\debug\main.obj
e:\anton\programming\altexam\altexam\debug\natural.obj
e:\anton\programming\altexam\altexam\debug\integer.obj
e:\anton\programming\altexam\altexam\debug\natural10base.obj
e:\anton\programming\altexam\altexam\debug\integer10base.obj
e:\anton\programming\altexam\debug\altexam.ilk
e:\anton\programming\altexam\debug\altexam.exe
e:\anton\programming\altexam\debug\altexam.pdb
e:\anton\programming\altexam\altexam\debug\natural.obj.enc
e:\anton\programming\altexam\altexam\debug\nativecodeanalysis.read.1.tlog
e:\anton\programming\altexam\altexam\debug\vc.nativecodeanalysis.all.xml
e:\anton\programming\altexam\altexam\debug\altexam.tlog\cl.command.1.tlog
e:\anton\programming\altexam\altexam\debug\altexam.tlog\cl.read.1.tlog
e:\anton\programming\altexam\altexam\debug\altexam.tlog\cl.write.1.tlog
e:\anton\programming\altexam\altexam\debug\altexam.tlog\link.command.1.tlog
e:\anton\programming\altexam\altexam\debug\altexam.tlog\link.read.1.tlog
e:\anton\programming\altexam\altexam\debug\altexam.tlog\link.write.1.tlog
