  Integer.cpp
Integer.cpp(39): warning C4018: <: несоответствие типов со знаком и без знака
Integer.cpp(59): warning C4018: <: несоответствие типов со знаком и без знака
Integer.cpp(71): warning C4018: <: несоответствие типов со знаком и без знака
Integer.cpp(101): warning C4018: <: несоответствие типов со знаком и без знака
Integer.cpp(109): warning C4018: <: несоответствие типов со знаком и без знака
Integer.cpp(123): warning C4018: <: несоответствие типов со знаком и без знака
Integer.cpp(153): warning C4018: <: несоответствие типов со знаком и без знака
Integer.cpp(172): warning C4018: <: несоответствие типов со знаком и без знака
Integer.cpp(186): warning C4018: <: несоответствие типов со знаком и без знака
  Integer10Base.cpp
  main.cpp
main.cpp(49): warning C4101: c: неиспользованная локальная переменная
  Natural.cpp
Natural.cpp(59): warning C4018: <: несоответствие типов со знаком и без знака
Natural.cpp(78): warning C4018: <: несоответствие типов со знаком и без знака
Natural.cpp(94): warning C4018: <: несоответствие типов со знаком и без знака
Natural.cpp(103): warning C4018: <: несоответствие типов со знаком и без знака
Natural.cpp(166): warning C4018: <: несоответствие типов со знаком и без знака
Natural.cpp(174): warning C4018: <: несоответствие типов со знаком и без знака
Natural.cpp(188): warning C4018: <: несоответствие типов со знаком и без знака
  Natural10Base.cpp
Natural10Base.cpp(42): warning C4018: <: несоответствие типов со знаком и без знака
Natural10Base.cpp(81): warning C4018: <: несоответствие типов со знаком и без знака
Natural10Base.cpp(87): warning C4018: <: несоответствие типов со знаком и без знака
Natural10Base.cpp(102): warning C4018: <: несоответствие типов со знаком и без знака
Natural10Base.cpp(115): warning C4018: <: несоответствие типов со знаком и без знака
Natural10Base.cpp(144): warning C4018: <: несоответствие типов со знаком и без знака
Natural10Base.cpp(167): warning C4018: <: несоответствие типов со знаком и без знака
Natural10Base.cpp(185): warning C4018: <: несоответствие типов со знаком и без знака
Natural10Base.cpp(264): warning C4018: <: несоответствие типов со знаком и без знака
  Создание кода
e:\anton\programming\altexam\altexam\natural10base.cpp(33): warning C4715: COM_NN_D: значение возвращается не при всех путях выполнения
  Создание кода завершено
  All 495 functions were compiled because no usable IPDB/IOBJ from previous compilation was found.
  AltExam.vcxproj -> E:\Anton\Programming\AltExam\Release\AltExam.exe
  AltExam.vcxproj -> E:\Anton\Programming\AltExam\Release\AltExam.pdb (Full PDB)
